<?xml version="1.0" encoding="UTF-8"?>
<!-- Generated by org.testng.reporters.JUnitXMLReporter -->
<testsuite hostname="Alifs-MacBook-Pro.local" ignored="16" name="Surefire test" tests="44" failures="1" timestamp="04 Oct 2018 17:46:33 GMT" time="478.091" errors="0">
  <testcase name="openSignInBar" time="1.323" classname="testPages.TestSignIn"/>
  <testcase name="testSignInHardCoded" time="5.02" classname="testPages.TestSignIn"/>
  <testcase name="testSignInIvalidEmailNPass" time="5.114" classname="testPages.TestSignIn"/>
  <testcase name="testSizeOfSignIn" time="0.021" classname="testPages.TestSignIn"/>
  <testcase name="testStatusOfCheckBox" time="1.074" classname="testPages.TestSignIn"/>
  <testcase name="testStatusOfSignInButton" time="2.254" classname="testPages.TestSignIn"/>
  <testcase name="testSelectFeature" time="4.384" classname="triggerTest.TestTrigger"/>
  <testcase name="photoHoverTest2" time="1.204" classname="testPages.TestGrocery"/>
  <testcase name="testClearZipCode" time="21.643" classname="testPages.TestGrocery"/>
  <testcase name="testDefaultWindow" time="4.455" classname="testPages.TestGrocery"/>
  <testcase name="testGetText" time="1.454" classname="testPages.TestGrocery"/>
  <testcase name="testGroceryText" time="0.05" classname="testPages.TestGrocery"/>
  <testcase name="testNegativeZipCode" time="22.965" classname="testPages.TestGrocery"/>
  <testcase name="testPhotoHover" time="0.066" classname="testPages.TestGrocery"/>
  <testcase name="testPositiveZipCode" time="21.701" classname="testPages.TestGrocery"/>
  <testcase name="testTextOfZipCode" time="1.364" classname="testPages.TestGrocery"/>
  <testcase name="SearchItemsFromSearchBox" time="19.35" classname="testSignInGS.TestSignInBar"/>
  <testcase name="testLogInByInvalidIdPassUsingGoogleSheet" time="21.858" classname="testSignInGS.TestSignInBar"/>
  <testcase name="testMultipleByDB" time="56.298" classname="testSearchBar.TestElementSearch"/>
  <testcase name="testSearchByItems" time="1.42" classname="testSearchBar.TestElementSearch"/>
  <testcase name="hoverPharmacy" time="0.048" classname="testPages.TestHomePage"/>
  <testcase name="search" time="0.226" classname="testPages.TestHomePage"/>
  <testcase name="testAllDept" time="0.202" classname="testPages.TestHomePage"/>
  <testcase name="testAllInput" time="0.298" classname="testPages.TestHomePage"/>
  <testcase name="testCostcoLogo" time="0.047" classname="testPages.TestHomePage"/>
  <testcase name="testCurrentURL" time="5.045" classname="testPages.TestHomePage"/>
  <testcase name="testDropDownOfAll" time="0.062" classname="testPages.TestHomePage"/>
  <testcase name="testDropdownOfAll" time="0.302" classname="testPages.TestHomePage"/>
  <testcase name="testEnableStatusSearchBar" time="0.216" classname="testPages.TestHomePage"/>
  <testcase name="testGetAllDept" time="0.007" classname="testPages.TestHomePage"/>
  <testcase name="testGetAllLinks" time="2.84" classname="testPages.TestHomePage"/>
  <testcase name="testHoverShopAllDepartments" time="0.096" classname="testPages.TestHomePage"/>
  <testcase name="testListOfStringOfAllDept" time="0.049" classname="testPages.TestHomePage"/>
  <testcase name="testNavigate" time="12.09" classname="testPages.TestHomePage"/>
  <testcase name="testShowCostcoTitle" time="0.008" classname="testPages.TestHomePage"/>
  <testcase name="testTagName" time="0.271" classname="testPages.TestHomePage"/>
  <testcase name="testCreditCard" time="4.866" classname="testPages.TestCustomerService"/>
  <testcase name="testMembership" time="4.033" classname="testPages.TestCustomerService"/>
  <testcase name="testTabSwitching" time="8.559" classname="testPages.TestCustomerService"/>
  <testcase name="testWindowHandle" time="6.687" classname="testPages.TestCustomerService"/>
  <testcase name="testConvertToString" time="0.002" classname="testPages.TestCountrySelection"/>
  <testcase name="testDismissAlert" time="36.553" classname="testPages.TestCountrySelection">
    <failure type="org.openqa.selenium.TimeoutException" message="Expected condition failed: waiting for element to be clickable: Proxy element for: DefaultElementLocator &amp;apos;By.cssSelector: //#waypoint_icons &amp;gt; a:nth-child(1)&amp;apos; (tried for 35 second(s) with 500 milliseconds interval)">
      <![CDATA[org.openqa.selenium.TimeoutException: Expected condition failed: waiting for element to be clickable: Proxy element for: DefaultElementLocator 'By.cssSelector: //#waypoint_icons > a:nth-child(1)' (tried for 35 second(s) with 500 milliseconds interval)
at org.openqa.selenium.support.ui.WebDriverWait.timeoutException(WebDriverWait.java:113)
at org.openqa.selenium.support.ui.FluentWait.until(FluentWait.java:283)
at base.CommonAPIOfFrameWork.waitUntilClickAble(CommonAPIOfFrameWork.java:450)
at pages.CountrySelection.alertPopUp(CountrySelection.java:18)
at testPages.TestCountrySelection.testDismissAlert(TestCountrySelection.java:19)
Caused by: org.openqa.selenium.InvalidSelectorException: invalid selector: An invalid or illegal selector was specified
  (Session info: chrome=69.0.3497.100)
  (Driver info: chromedriver=2.42.591059 (a3d9684d10d61aa0c45f6723b327283be1ebaad8),platform=Mac OS X 10.14.0 x86_64) (WARNING: The server did not provide any stacktrace information)
Command duration or timeout: 0 milliseconds
For documentation on this error, please visit: http://seleniumhq.org/exceptions/invalid_selector_exception.html
Build info: version: '3.14.0', revision: 'aacccce0', time: '2018-08-02T20:19:58.91Z'
System info: host: 'Alifs-MacBook-Pro.local', ip: '2604:2000:1700:c404:0:0:0:1%en0', os.name: 'Mac OS X', os.arch: 'x86_64', os.version: '10.14', java.version: '1.8.0_162'
Driver info: org.openqa.selenium.chrome.ChromeDriver
Capabilities {acceptInsecureCerts: false, acceptSslCerts: false, applicationCacheEnabled: false, browserConnectionEnabled: false, browserName: chrome, chrome: {chromedriverVersion: 2.42.591059 (a3d9684d10d61a..., userDataDir: /var/folders/0h/bw0hs1w908l...}, cssSelectorsEnabled: true, databaseEnabled: false, goog:chromeOptions: {debuggerAddress: localhost:52773}, handlesAlerts: true, hasTouchScreen: false, javascriptEnabled: true, locationContextEnabled: true, mobileEmulationEnabled: false, nativeEvents: true, networkConnectionEnabled: false, pageLoadStrategy: normal, platform: MAC, platformName: MAC, rotatable: false, setWindowRect: true, takesHeapSnapshot: true, takesScreenshot: true, unexpectedAlertBehaviour: , unhandledPromptBehavior: , version: 69.0.3497.100, webStorageEnabled: true}
Session ID: 8005f9f06472a749626c2cbb4005033e
*** Element info: {Using=css selector, value=//#waypoint_icons > a:nth-child(1)}
at org.openqa.selenium.remote.ErrorHandler.createThrowable(ErrorHandler.java:214)
at org.openqa.selenium.remote.ErrorHandler.throwIfResponseFailed(ErrorHandler.java:166)
at org.openqa.selenium.remote.http.JsonHttpResponseCodec.reconstructValue(JsonHttpResponseCodec.java:40)
at org.openqa.selenium.remote.http.AbstractHttpResponseCodec.decode(AbstractHttpResponseCodec.java:80)
at org.openqa.selenium.remote.http.AbstractHttpResponseCodec.decode(AbstractHttpResponseCodec.java:44)
at org.openqa.selenium.remote.HttpCommandExecutor.execute(HttpCommandExecutor.java:158)
at org.openqa.selenium.remote.service.DriverCommandExecutor.execute(DriverCommandExecutor.java:83)
at org.openqa.selenium.remote.RemoteWebDriver.execute(RemoteWebDriver.java:548)
at org.openqa.selenium.remote.RemoteWebDriver.findElement(RemoteWebDriver.java:322)
at org.openqa.selenium.remote.RemoteWebDriver.findElementByCssSelector(RemoteWebDriver.java:416)
at org.openqa.selenium.By$ByCssSelector.findElement(By.java:431)
at org.openqa.selenium.remote.RemoteWebDriver.findElement(RemoteWebDriver.java:314)
at org.openqa.selenium.support.pagefactory.DefaultElementLocator.findElement(DefaultElementLocator.java:69)
at org.openqa.selenium.support.pagefactory.internal.LocatingElementHandler.invoke(LocatingElementHandler.java:38)
at com.sun.proxy.$Proxy11.isDisplayed(Unknown Source)
at org.openqa.selenium.support.ui.ExpectedConditions.elementIfVisible(ExpectedConditions.java:315)
at org.openqa.selenium.support.ui.ExpectedConditions.access$100(ExpectedConditions.java:44)
at org.openqa.selenium.support.ui.ExpectedConditions$10.apply(ExpectedConditions.java:301)
at org.openqa.selenium.support.ui.ExpectedConditions$10.apply(ExpectedConditions.java:298)
at org.openqa.selenium.support.ui.ExpectedConditions$23.apply(ExpectedConditions.java:686)
at org.openqa.selenium.support.ui.ExpectedConditions$23.apply(ExpectedConditions.java:682)
at org.openqa.selenium.support.ui.FluentWait.until(FluentWait.java:260)
... 33 more
... Removed 33 stack frames]]>
    </failure>
  </testcase> <!-- testDismissAlert -->
  <testcase name="testGroceryButton" time="1.81" classname="testPages.TestGrocery"/>
  <testcase name="testCustomerService" time="2.631" classname="testPages.TestCustomerService"/>
  <testcase name="@BeforeSuite extentSetup" time="0.0" classname="base.CommonAPIOfFrameWork">
    <ignored/>
  </testcase> <!-- @BeforeSuite extentSetup -->
  <testcase name="@BeforeSuite extentSetup" time="0.0" classname="base.CommonAPIOfFrameWork">
    <ignored/>
  </testcase> <!-- @BeforeSuite extentSetup -->
  <testcase name="@BeforeSuite extentSetup" time="0.0" classname="base.CommonAPIOfFrameWork">
    <ignored/>
  </testcase> <!-- @BeforeSuite extentSetup -->
  <testcase name="@BeforeSuite extentSetup" time="0.0" classname="base.CommonAPIOfFrameWork">
    <ignored/>
  </testcase> <!-- @BeforeSuite extentSetup -->
  <testcase name="@BeforeSuite extentSetup" time="0.0" classname="base.CommonAPIOfFrameWork">
    <ignored/>
  </testcase> <!-- @BeforeSuite extentSetup -->
  <testcase name="@BeforeSuite extentSetup" time="0.0" classname="base.CommonAPIOfFrameWork">
    <ignored/>
  </testcase> <!-- @BeforeSuite extentSetup -->
  <testcase name="@BeforeSuite extentSetup" time="0.0" classname="base.CommonAPIOfFrameWork">
    <ignored/>
  </testcase> <!-- @BeforeSuite extentSetup -->
  <testcase name="@BeforeSuite extentSetup" time="0.0" classname="base.CommonAPIOfFrameWork">
    <ignored/>
  </testcase> <!-- @BeforeSuite extentSetup -->
  <testcase name="@AfterSuite generateReport" time="0.0" classname="base.CommonAPIOfFrameWork">
    <ignored/>
  </testcase> <!-- @AfterSuite generateReport -->
  <testcase name="@AfterSuite generateReport" time="0.0" classname="base.CommonAPIOfFrameWork">
    <ignored/>
  </testcase> <!-- @AfterSuite generateReport -->
  <testcase name="@AfterSuite generateReport" time="0.0" classname="base.CommonAPIOfFrameWork">
    <ignored/>
  </testcase> <!-- @AfterSuite generateReport -->
  <testcase name="@AfterSuite generateReport" time="0.0" classname="base.CommonAPIOfFrameWork">
    <ignored/>
  </testcase> <!-- @AfterSuite generateReport -->
  <testcase name="@AfterSuite generateReport" time="0.0" classname="base.CommonAPIOfFrameWork">
    <ignored/>
  </testcase> <!-- @AfterSuite generateReport -->
  <testcase name="@AfterSuite generateReport" time="0.0" classname="base.CommonAPIOfFrameWork">
    <ignored/>
  </testcase> <!-- @AfterSuite generateReport -->
  <testcase name="@AfterSuite generateReport" time="0.0" classname="base.CommonAPIOfFrameWork">
    <ignored/>
  </testcase> <!-- @AfterSuite generateReport -->
  <testcase name="@AfterSuite generateReport" time="0.0" classname="base.CommonAPIOfFrameWork">
    <ignored/>
  </testcase> <!-- @AfterSuite generateReport -->
</testsuite> <!-- Surefire test -->
